{"D:\\DevWeb\\open-classrooms\\OP-Project-9-Debugger-et-tester-une-saas-rh\\client\\src\\constants\\routes.js": {"path":"D:\\DevWeb\\open-classrooms\\OP-Project-9-Debugger-et-tester-une-saas-rh\\client\\src\\constants\\routes.js","statementMap":{"0":{"start":{"line":6,"column":27},"end":{"line":11,"column":1}},"1":{"start":{"line":13,"column":22},"end":{"line":26,"column":1}},"2":{"start":{"line":14,"column":2},"end":{"line":25,"column":3}},"3":{"start":{"line":16,"column":6},"end":{"line":16,"column":46}},"4":{"start":{"line":18,"column":6},"end":{"line":18,"column":46}},"5":{"start":{"line":20,"column":6},"end":{"line":20,"column":24}},"6":{"start":{"line":22,"column":6},"end":{"line":22,"column":50}},"7":{"start":{"line":24,"column":6},"end":{"line":24,"column":46}}},"fnMap":{"0":{"name":"(anonymous_0)","decl":{"start":{"line":13,"column":22},"end":{"line":13,"column":23}},"loc":{"start":{"line":13,"column":62},"end":{"line":26,"column":1}},"line":13}},"branchMap":{"0":{"loc":{"start":{"line":14,"column":2},"end":{"line":25,"column":3}},"type":"switch","locations":[{"start":{"line":15,"column":4},"end":{"line":16,"column":46}},{"start":{"line":17,"column":4},"end":{"line":18,"column":46}},{"start":{"line":19,"column":4},"end":{"line":20,"column":24}},{"start":{"line":21,"column":4},"end":{"line":22,"column":50}},{"start":{"line":23,"column":4},"end":{"line":24,"column":46}}],"line":14}},"s":{"0":6,"1":6,"2":49,"3":12,"4":17,"5":7,"6":12,"7":1},"f":{"0":49},"b":{"0":[12,17,7,12,1]},"_coverageSchema":"1a1c01bbd47fc00a2c39e90264f33305004495a9","hash":"1dcde91b179cdf0ae5acf281a223ce4ce4fe973c"}
,"D:\\DevWeb\\open-classrooms\\OP-Project-9-Debugger-et-tester-une-saas-rh\\client\\src\\constants\\usersTest.js": {"path":"D:\\DevWeb\\open-classrooms\\OP-Project-9-Debugger-et-tester-une-saas-rh\\client\\src\\constants\\usersTest.js","statementMap":{},"fnMap":{},"branchMap":{},"s":{},"f":{},"b":{},"_coverageSchema":"1a1c01bbd47fc00a2c39e90264f33305004495a9","hash":"6426656ab0a37a5bfe4f756ccaeca4d099627555"}
,"D:\\DevWeb\\open-classrooms\\OP-Project-9-Debugger-et-tester-une-saas-rh\\client\\src\\containers\\Bills.js": {"path":"D:\\DevWeb\\open-classrooms\\OP-Project-9-Debugger-et-tester-une-saas-rh\\client\\src\\containers\\Bills.js","statementMap":{"0":{"start":{"line":7,"column":4},"end":{"line":7,"column":29}},"1":{"start":{"line":8,"column":4},"end":{"line":8,"column":33}},"2":{"start":{"line":9,"column":4},"end":{"line":9,"column":23}},"3":{"start":{"line":10,"column":26},"end":{"line":12,"column":5}},"4":{"start":{"line":13,"column":4},"end":{"line":14,"column":71}},"5":{"start":{"line":14,"column":6},"end":{"line":14,"column":71}},"6":{"start":{"line":15,"column":20},"end":{"line":15,"column":76}},"7":{"start":{"line":16,"column":4},"end":{"line":19,"column":9}},"8":{"start":{"line":17,"column":6},"end":{"line":19,"column":9}},"9":{"start":{"line":18,"column":8},"end":{"line":18,"column":76}},"10":{"start":{"line":18,"column":45},"end":{"line":18,"column":74}},"11":{"start":{"line":20,"column":4},"end":{"line":20,"column":55}},"12":{"start":{"line":23,"column":23},"end":{"line":25,"column":3}},"13":{"start":{"line":24,"column":4},"end":{"line":24,"column":44}},"14":{"start":{"line":27,"column":23},"end":{"line":37,"column":3}},"15":{"start":{"line":28,"column":20},"end":{"line":28,"column":54}},"16":{"start":{"line":29,"column":21},"end":{"line":29,"column":63}},"17":{"start":{"line":31,"column":4},"end":{"line":35,"column":8}},"18":{"start":{"line":36,"column":4},"end":{"line":36,"column":35}},"19":{"start":{"line":39,"column":13},"end":{"line":67,"column":3}},"20":{"start":{"line":40,"column":4},"end":{"line":66,"column":5}},"21":{"start":{"line":41,"column":6},"end":{"line":65,"column":11}},"22":{"start":{"line":45,"column":24},"end":{"line":62,"column":12}},"23":{"start":{"line":46,"column":12},"end":{"line":61,"column":13}},"24":{"start":{"line":47,"column":14},"end":{"line":51,"column":16}},"25":{"start":{"line":55,"column":14},"end":{"line":55,"column":41}},"26":{"start":{"line":56,"column":14},"end":{"line":60,"column":16}},"27":{"start":{"line":63,"column":10},"end":{"line":63,"column":46}},"28":{"start":{"line":64,"column":10},"end":{"line":64,"column":23}}},"fnMap":{"0":{"name":"(anonymous_0)","decl":{"start":{"line":6,"column":2},"end":{"line":6,"column":3}},"loc":{"start":{"line":6,"column":61},"end":{"line":21,"column":3}},"line":6},"1":{"name":"(anonymous_1)","decl":{"start":{"line":17,"column":22},"end":{"line":17,"column":23}},"loc":{"start":{"line":17,"column":32},"end":{"line":19,"column":7}},"line":17},"2":{"name":"(anonymous_2)","decl":{"start":{"line":18,"column":39},"end":{"line":18,"column":40}},"loc":{"start":{"line":18,"column":45},"end":{"line":18,"column":74}},"line":18},"3":{"name":"(anonymous_3)","decl":{"start":{"line":23,"column":23},"end":{"line":23,"column":24}},"loc":{"start":{"line":23,"column":29},"end":{"line":25,"column":3}},"line":23},"4":{"name":"(anonymous_4)","decl":{"start":{"line":27,"column":23},"end":{"line":27,"column":24}},"loc":{"start":{"line":27,"column":33},"end":{"line":37,"column":3}},"line":27},"5":{"name":"(anonymous_5)","decl":{"start":{"line":39,"column":13},"end":{"line":39,"column":14}},"loc":{"start":{"line":39,"column":19},"end":{"line":67,"column":3}},"line":39},"6":{"name":"(anonymous_6)","decl":{"start":{"line":44,"column":14},"end":{"line":44,"column":15}},"loc":{"start":{"line":44,"column":28},"end":{"line":65,"column":9}},"line":44},"7":{"name":"(anonymous_7)","decl":{"start":{"line":45,"column":37},"end":{"line":45,"column":38}},"loc":{"start":{"line":45,"column":46},"end":{"line":62,"column":11}},"line":45}},"branchMap":{"0":{"loc":{"start":{"line":13,"column":4},"end":{"line":14,"column":71}},"type":"if","locations":[{"start":{"line":13,"column":4},"end":{"line":14,"column":71}},{"start":{"line":13,"column":4},"end":{"line":14,"column":71}}],"line":13},"1":{"loc":{"start":{"line":16,"column":4},"end":{"line":19,"column":9}},"type":"if","locations":[{"start":{"line":16,"column":4},"end":{"line":19,"column":9}},{"start":{"line":16,"column":4},"end":{"line":19,"column":9}}],"line":16},"2":{"loc":{"start":{"line":40,"column":4},"end":{"line":66,"column":5}},"type":"if","locations":[{"start":{"line":40,"column":4},"end":{"line":66,"column":5}},{"start":{"line":40,"column":4},"end":{"line":66,"column":5}}],"line":40}},"s":{"0":12,"1":12,"2":12,"3":12,"4":12,"5":8,"6":12,"7":12,"8":12,"9":32,"10":2,"11":12,"12":12,"13":4,"14":12,"15":2,"16":2,"17":2,"18":2,"19":12,"20":10,"21":10,"22":3,"23":12,"24":12,"25":0,"26":0,"27":3,"28":3},"f":{"0":12,"1":32,"2":2,"3":4,"4":2,"5":10,"6":3,"7":12},"b":{"0":[8,4],"1":[12,0],"2":[10,0]},"_coverageSchema":"1a1c01bbd47fc00a2c39e90264f33305004495a9","hash":"480dfe8650d0ee474f38a0b30264111922308477"}
,"D:\\DevWeb\\open-classrooms\\OP-Project-9-Debugger-et-tester-une-saas-rh\\client\\src\\containers\\Dashboard.js": {"path":"D:\\DevWeb\\open-classrooms\\OP-Project-9-Debugger-et-tester-une-saas-rh\\client\\src\\containers\\Dashboard.js","statementMap":{"0":{"start":{"line":8,"column":29},"end":{"line":28,"column":1}},"1":{"start":{"line":9,"column":2},"end":{"line":27,"column":11}},"2":{"start":{"line":14,"column":6},"end":{"line":24,"column":7}},"3":{"start":{"line":15,"column":8},"end":{"line":15,"column":50}},"4":{"start":{"line":26,"column":6},"end":{"line":26,"column":28}},"5":{"start":{"line":30,"column":20},"end":{"line":53,"column":1}},"6":{"start":{"line":31,"column":28},"end":{"line":31,"column":52}},"7":{"start":{"line":32,"column":20},"end":{"line":33,"column":40}},"8":{"start":{"line":34,"column":19},"end":{"line":35,"column":53}},"9":{"start":{"line":37,"column":2},"end":{"line":52,"column":4}},"10":{"start":{"line":55,"column":21},"end":{"line":57,"column":1}},"11":{"start":{"line":56,"column":2},"end":{"line":56,"column":76}},"12":{"start":{"line":56,"column":51},"end":{"line":56,"column":61}},"13":{"start":{"line":59,"column":25},"end":{"line":68,"column":1}},"14":{"start":{"line":60,"column":2},"end":{"line":67,"column":3}},"15":{"start":{"line":62,"column":6},"end":{"line":62,"column":22}},"16":{"start":{"line":64,"column":6},"end":{"line":64,"column":23}},"17":{"start":{"line":66,"column":6},"end":{"line":66,"column":22}},"18":{"start":{"line":72,"column":4},"end":{"line":72,"column":28}},"19":{"start":{"line":73,"column":4},"end":{"line":73,"column":32}},"20":{"start":{"line":74,"column":4},"end":{"line":74,"column":22}},"21":{"start":{"line":75,"column":4},"end":{"line":75,"column":71}},"22":{"start":{"line":75,"column":35},"end":{"line":75,"column":70}},"23":{"start":{"line":76,"column":4},"end":{"line":76,"column":71}},"24":{"start":{"line":76,"column":35},"end":{"line":76,"column":70}},"25":{"start":{"line":77,"column":4},"end":{"line":77,"column":71}},"26":{"start":{"line":77,"column":35},"end":{"line":77,"column":70}},"27":{"start":{"line":78,"column":4},"end":{"line":78,"column":44}},"28":{"start":{"line":81,"column":23},"end":{"line":86,"column":3}},"29":{"start":{"line":82,"column":20},"end":{"line":82,"column":58}},"30":{"start":{"line":83,"column":21},"end":{"line":83,"column":69}},"31":{"start":{"line":84,"column":4},"end":{"line":84,"column":144}},"32":{"start":{"line":85,"column":4},"end":{"line":85,"column":96}},"33":{"start":{"line":85,"column":60},"end":{"line":85,"column":96}},"34":{"start":{"line":89,"column":4},"end":{"line":89,"column":75}},"35":{"start":{"line":89,"column":59},"end":{"line":89,"column":75}},"36":{"start":{"line":90,"column":4},"end":{"line":90,"column":71}},"37":{"start":{"line":90,"column":54},"end":{"line":90,"column":71}},"38":{"start":{"line":91,"column":4},"end":{"line":107,"column":5}},"39":{"start":{"line":92,"column":6},"end":{"line":94,"column":8}},"40":{"start":{"line":93,"column":8},"end":{"line":93,"column":61}},"41":{"start":{"line":95,"column":6},"end":{"line":95,"column":62}},"42":{"start":{"line":96,"column":6},"end":{"line":96,"column":69}},"43":{"start":{"line":97,"column":6},"end":{"line":97,"column":52}},"44":{"start":{"line":98,"column":6},"end":{"line":98,"column":21}},"45":{"start":{"line":100,"column":6},"end":{"line":100,"column":62}},"46":{"start":{"line":102,"column":6},"end":{"line":104,"column":8}},"47":{"start":{"line":105,"column":6},"end":{"line":105,"column":52}},"48":{"start":{"line":106,"column":6},"end":{"line":106,"column":21}},"49":{"start":{"line":108,"column":4},"end":{"line":108,"column":51}},"50":{"start":{"line":109,"column":4},"end":{"line":109,"column":72}},"51":{"start":{"line":109,"column":39},"end":{"line":109,"column":71}},"52":{"start":{"line":110,"column":4},"end":{"line":110,"column":72}},"53":{"start":{"line":110,"column":39},"end":{"line":110,"column":71}},"54":{"start":{"line":113,"column":23},"end":{"line":121,"column":3}},"55":{"start":{"line":114,"column":20},"end":{"line":118,"column":5}},"56":{"start":{"line":119,"column":4},"end":{"line":119,"column":28}},"57":{"start":{"line":120,"column":4},"end":{"line":120,"column":45}},"58":{"start":{"line":123,"column":23},"end":{"line":131,"column":3}},"59":{"start":{"line":124,"column":20},"end":{"line":128,"column":5}},"60":{"start":{"line":129,"column":4},"end":{"line":129,"column":28}},"61":{"start":{"line":130,"column":4},"end":{"line":130,"column":45}},"62":{"start":{"line":134,"column":4},"end":{"line":134,"column":76}},"63":{"start":{"line":134,"column":60},"end":{"line":134,"column":76}},"64":{"start":{"line":135,"column":4},"end":{"line":135,"column":76}},"65":{"start":{"line":135,"column":58},"end":{"line":135,"column":76}},"66":{"start":{"line":136,"column":4},"end":{"line":146,"column":5}},"67":{"start":{"line":137,"column":6},"end":{"line":137,"column":69}},"68":{"start":{"line":138,"column":6},"end":{"line":139,"column":65}},"69":{"start":{"line":140,"column":6},"end":{"line":140,"column":21}},"70":{"start":{"line":142,"column":6},"end":{"line":142,"column":70}},"71":{"start":{"line":143,"column":6},"end":{"line":144,"column":17}},"72":{"start":{"line":145,"column":6},"end":{"line":145,"column":21}},"73":{"start":{"line":148,"column":4},"end":{"line":154,"column":6}},"74":{"start":{"line":150,"column":6},"end":{"line":153,"column":9}},"75":{"start":{"line":152,"column":10},"end":{"line":152,"column":87}},"76":{"start":{"line":152,"column":49},"end":{"line":152,"column":86}},"77":{"start":{"line":156,"column":4},"end":{"line":156,"column":16}},"78":{"start":{"line":160,"column":21},"end":{"line":179,"column":3}},"79":{"start":{"line":161,"column":4},"end":{"line":178,"column":5}},"80":{"start":{"line":162,"column":6},"end":{"line":177,"column":8}},"81":{"start":{"line":166,"column":22},"end":{"line":172,"column":11}},"82":{"start":{"line":167,"column":21},"end":{"line":172,"column":9}},"83":{"start":{"line":173,"column":8},"end":{"line":173,"column":20}},"84":{"start":{"line":176,"column":8},"end":{"line":176,"column":20}}},"fnMap":{"0":{"name":"(anonymous_0)","decl":{"start":{"line":8,"column":29},"end":{"line":8,"column":30}},"loc":{"start":{"line":8,"column":47},"end":{"line":28,"column":1}},"line":8},"1":{"name":"(anonymous_1)","decl":{"start":{"line":10,"column":16},"end":{"line":10,"column":17}},"loc":{"start":{"line":10,"column":24},"end":{"line":27,"column":5}},"line":10},"2":{"name":"(anonymous_2)","decl":{"start":{"line":30,"column":20},"end":{"line":30,"column":21}},"loc":{"start":{"line":30,"column":30},"end":{"line":53,"column":1}},"line":30},"3":{"name":"(anonymous_3)","decl":{"start":{"line":55,"column":21},"end":{"line":55,"column":22}},"loc":{"start":{"line":55,"column":32},"end":{"line":57,"column":1}},"line":55},"4":{"name":"(anonymous_4)","decl":{"start":{"line":56,"column":43},"end":{"line":56,"column":44}},"loc":{"start":{"line":56,"column":51},"end":{"line":56,"column":61}},"line":56},"5":{"name":"(anonymous_5)","decl":{"start":{"line":59,"column":25},"end":{"line":59,"column":26}},"loc":{"start":{"line":59,"column":36},"end":{"line":68,"column":1}},"line":59},"6":{"name":"(anonymous_6)","decl":{"start":{"line":71,"column":2},"end":{"line":71,"column":3}},"loc":{"start":{"line":71,"column":68},"end":{"line":79,"column":3}},"line":71},"7":{"name":"(anonymous_7)","decl":{"start":{"line":75,"column":28},"end":{"line":75,"column":29}},"loc":{"start":{"line":75,"column":35},"end":{"line":75,"column":70}},"line":75},"8":{"name":"(anonymous_8)","decl":{"start":{"line":76,"column":28},"end":{"line":76,"column":29}},"loc":{"start":{"line":76,"column":35},"end":{"line":76,"column":70}},"line":76},"9":{"name":"(anonymous_9)","decl":{"start":{"line":77,"column":28},"end":{"line":77,"column":29}},"loc":{"start":{"line":77,"column":35},"end":{"line":77,"column":70}},"line":77},"10":{"name":"(anonymous_10)","decl":{"start":{"line":81,"column":23},"end":{"line":81,"column":24}},"loc":{"start":{"line":81,"column":29},"end":{"line":86,"column":3}},"line":81},"11":{"name":"(anonymous_11)","decl":{"start":{"line":88,"column":2},"end":{"line":88,"column":3}},"loc":{"start":{"line":88,"column":35},"end":{"line":111,"column":3}},"line":88},"12":{"name":"(anonymous_12)","decl":{"start":{"line":92,"column":20},"end":{"line":92,"column":21}},"loc":{"start":{"line":92,"column":25},"end":{"line":94,"column":7}},"line":92},"13":{"name":"(anonymous_13)","decl":{"start":{"line":109,"column":32},"end":{"line":109,"column":33}},"loc":{"start":{"line":109,"column":39},"end":{"line":109,"column":71}},"line":109},"14":{"name":"(anonymous_14)","decl":{"start":{"line":110,"column":32},"end":{"line":110,"column":33}},"loc":{"start":{"line":110,"column":39},"end":{"line":110,"column":71}},"line":110},"15":{"name":"(anonymous_15)","decl":{"start":{"line":113,"column":23},"end":{"line":113,"column":24}},"loc":{"start":{"line":113,"column":36},"end":{"line":121,"column":3}},"line":113},"16":{"name":"(anonymous_16)","decl":{"start":{"line":123,"column":23},"end":{"line":123,"column":24}},"loc":{"start":{"line":123,"column":36},"end":{"line":131,"column":3}},"line":123},"17":{"name":"(anonymous_17)","decl":{"start":{"line":133,"column":2},"end":{"line":133,"column":3}},"loc":{"start":{"line":133,"column":37},"end":{"line":158,"column":3}},"line":133},"18":{"name":"(anonymous_18)","decl":{"start":{"line":148,"column":18},"end":{"line":148,"column":19}},"loc":{"start":{"line":148,"column":26},"end":{"line":154,"column":5}},"line":148},"19":{"name":"(anonymous_19)","decl":{"start":{"line":152,"column":42},"end":{"line":152,"column":43}},"loc":{"start":{"line":152,"column":49},"end":{"line":152,"column":86}},"line":152},"20":{"name":"(anonymous_20)","decl":{"start":{"line":160,"column":21},"end":{"line":160,"column":22}},"loc":{"start":{"line":160,"column":27},"end":{"line":179,"column":3}},"line":160},"21":{"name":"(anonymous_21)","decl":{"start":{"line":165,"column":12},"end":{"line":165,"column":13}},"loc":{"start":{"line":165,"column":24},"end":{"line":174,"column":7}},"line":165},"22":{"name":"(anonymous_22)","decl":{"start":{"line":167,"column":13},"end":{"line":167,"column":14}},"loc":{"start":{"line":167,"column":21},"end":{"line":172,"column":9}},"line":167},"23":{"name":"(anonymous_23)","decl":{"start":{"line":175,"column":13},"end":{"line":175,"column":14}},"loc":{"start":{"line":175,"column":22},"end":{"line":177,"column":7}},"line":175}},"branchMap":{"0":{"loc":{"start":{"line":9,"column":9},"end":{"line":27,"column":11}},"type":"cond-expr","locations":[{"start":{"line":10,"column":4},"end":{"line":27,"column":6}},{"start":{"line":27,"column":9},"end":{"line":27,"column":11}}],"line":9},"1":{"loc":{"start":{"line":9,"column":10},"end":{"line":9,"column":29}},"type":"binary-expr","locations":[{"start":{"line":9,"column":10},"end":{"line":9,"column":14}},{"start":{"line":9,"column":18},"end":{"line":9,"column":29}}],"line":9},"2":{"loc":{"start":{"line":14,"column":6},"end":{"line":24,"column":7}},"type":"if","locations":[{"start":{"line":14,"column":6},"end":{"line":24,"column":7}},{"start":{"line":14,"column":6},"end":{"line":24,"column":7}}],"line":14},"3":{"loc":{"start":{"line":32,"column":20},"end":{"line":33,"column":40}},"type":"cond-expr","locations":[{"start":{"line":33,"column":4},"end":{"line":33,"column":35}},{"start":{"line":33,"column":38},"end":{"line":33,"column":40}}],"line":32},"4":{"loc":{"start":{"line":34,"column":19},"end":{"line":35,"column":53}},"type":"cond-expr","locations":[{"start":{"line":35,"column":2},"end":{"line":35,"column":33}},{"start":{"line":35,"column":36},"end":{"line":35,"column":53}}],"line":34},"5":{"loc":{"start":{"line":56,"column":9},"end":{"line":56,"column":76}},"type":"cond-expr","locations":[{"start":{"line":56,"column":33},"end":{"line":56,"column":71}},{"start":{"line":56,"column":74},"end":{"line":56,"column":76}}],"line":56},"6":{"loc":{"start":{"line":56,"column":9},"end":{"line":56,"column":30}},"type":"binary-expr","locations":[{"start":{"line":56,"column":9},"end":{"line":56,"column":14}},{"start":{"line":56,"column":18},"end":{"line":56,"column":30}}],"line":56},"7":{"loc":{"start":{"line":60,"column":2},"end":{"line":67,"column":3}},"type":"switch","locations":[{"start":{"line":61,"column":4},"end":{"line":62,"column":22}},{"start":{"line":63,"column":4},"end":{"line":64,"column":23}},{"start":{"line":65,"column":4},"end":{"line":66,"column":22}}],"line":60},"8":{"loc":{"start":{"line":85,"column":4},"end":{"line":85,"column":96}},"type":"if","locations":[{"start":{"line":85,"column":4},"end":{"line":85,"column":96}},{"start":{"line":85,"column":4},"end":{"line":85,"column":96}}],"line":85},"9":{"loc":{"start":{"line":89,"column":4},"end":{"line":89,"column":75}},"type":"if","locations":[{"start":{"line":89,"column":4},"end":{"line":89,"column":75}},{"start":{"line":89,"column":4},"end":{"line":89,"column":75}}],"line":89},"10":{"loc":{"start":{"line":89,"column":8},"end":{"line":89,"column":57}},"type":"binary-expr","locations":[{"start":{"line":89,"column":8},"end":{"line":89,"column":34}},{"start":{"line":89,"column":38},"end":{"line":89,"column":57}}],"line":89},"11":{"loc":{"start":{"line":90,"column":4},"end":{"line":90,"column":71}},"type":"if","locations":[{"start":{"line":90,"column":4},"end":{"line":90,"column":71}},{"start":{"line":90,"column":4},"end":{"line":90,"column":71}}],"line":90},"12":{"loc":{"start":{"line":90,"column":8},"end":{"line":90,"column":52}},"type":"binary-expr","locations":[{"start":{"line":90,"column":8},"end":{"line":90,"column":29}},{"start":{"line":90,"column":33},"end":{"line":90,"column":52}}],"line":90},"13":{"loc":{"start":{"line":91,"column":4},"end":{"line":107,"column":5}},"type":"if","locations":[{"start":{"line":91,"column":4},"end":{"line":107,"column":5}},{"start":{"line":91,"column":4},"end":{"line":107,"column":5}}],"line":91},"14":{"loc":{"start":{"line":134,"column":4},"end":{"line":134,"column":76}},"type":"if","locations":[{"start":{"line":134,"column":4},"end":{"line":134,"column":76}},{"start":{"line":134,"column":4},"end":{"line":134,"column":76}}],"line":134},"15":{"loc":{"start":{"line":134,"column":8},"end":{"line":134,"column":58}},"type":"binary-expr","locations":[{"start":{"line":134,"column":8},"end":{"line":134,"column":34}},{"start":{"line":134,"column":38},"end":{"line":134,"column":58}}],"line":134},"16":{"loc":{"start":{"line":135,"column":4},"end":{"line":135,"column":76}},"type":"if","locations":[{"start":{"line":135,"column":4},"end":{"line":135,"column":76}},{"start":{"line":135,"column":4},"end":{"line":135,"column":76}}],"line":135},"17":{"loc":{"start":{"line":135,"column":8},"end":{"line":135,"column":56}},"type":"binary-expr","locations":[{"start":{"line":135,"column":8},"end":{"line":135,"column":32}},{"start":{"line":135,"column":36},"end":{"line":135,"column":56}}],"line":135},"18":{"loc":{"start":{"line":136,"column":4},"end":{"line":146,"column":5}},"type":"if","locations":[{"start":{"line":136,"column":4},"end":{"line":146,"column":5}},{"start":{"line":136,"column":4},"end":{"line":146,"column":5}}],"line":136},"19":{"loc":{"start":{"line":150,"column":6},"end":{"line":153,"column":9}},"type":"if","locations":[{"start":{"line":150,"column":6},"end":{"line":153,"column":9}},{"start":{"line":150,"column":6},"end":{"line":153,"column":9}}],"line":150},"20":{"loc":{"start":{"line":150,"column":9},"end":{"line":150,"column":131}},"type":"binary-expr","locations":[{"start":{"line":150,"column":9},"end":{"line":150,"column":19}},{"start":{"line":150,"column":23},"end":{"line":150,"column":47}},{"start":{"line":150,"column":50},"end":{"line":150,"column":60}},{"start":{"line":150,"column":64},"end":{"line":150,"column":89}},{"start":{"line":150,"column":93},"end":{"line":150,"column":103}},{"start":{"line":150,"column":107},"end":{"line":150,"column":131}}],"line":150},"21":{"loc":{"start":{"line":161,"column":4},"end":{"line":178,"column":5}},"type":"if","locations":[{"start":{"line":161,"column":4},"end":{"line":178,"column":5}},{"start":{"line":161,"column":4},"end":{"line":178,"column":5}}],"line":161}},"s":{"0":6,"1":44,"2":104,"3":104,"4":104,"5":6,"6":6,"7":6,"8":6,"9":6,"10":6,"11":6,"12":6,"13":6,"14":5,"15":3,"16":1,"17":1,"18":14,"19":14,"20":14,"21":14,"22":0,"23":14,"24":0,"25":14,"26":0,"27":14,"28":14,"29":1,"30":1,"31":1,"32":1,"33":0,"34":3,"35":2,"36":3,"37":2,"38":3,"39":2,"40":8,"41":2,"42":2,"43":2,"44":2,"45":1,"46":1,"47":1,"48":1,"49":3,"50":3,"51":0,"52":3,"53":0,"54":14,"55":1,"56":1,"57":1,"58":14,"59":1,"60":1,"61":1,"62":5,"63":5,"64":5,"65":5,"66":5,"67":5,"68":5,"69":5,"70":0,"71":0,"72":0,"73":5,"74":20,"75":6,"76":3,"77":5,"78":14,"79":5,"80":5,"81":3,"82":12,"83":3,"84":2},"f":{"0":44,"1":104,"2":6,"3":6,"4":6,"5":5,"6":14,"7":0,"8":0,"9":0,"10":1,"11":3,"12":8,"13":0,"14":0,"15":1,"16":1,"17":5,"18":20,"19":3,"20":5,"21":3,"22":12,"23":2},"b":{"0":[26,18],"1":[44,26],"2":[104,0],"3":[0,6],"4":[0,6],"5":[5,1],"6":[6,6],"7":[3,1,1],"8":[0,1],"9":[2,1],"10":[3,3],"11":[2,1],"12":[3,1],"13":[2,1],"14":[5,0],"15":[5,2],"16":[5,0],"17":[5,2],"18":[5,0],"19":[6,14],"20":[20,12,17,4,16,4],"21":[5,0]},"_coverageSchema":"1a1c01bbd47fc00a2c39e90264f33305004495a9","hash":"8820a2814614051d9c552428de532a47c1b24710"}
,"D:\\DevWeb\\open-classrooms\\OP-Project-9-Debugger-et-tester-une-saas-rh\\client\\src\\containers\\Login.js": {"path":"D:\\DevWeb\\open-classrooms\\OP-Project-9-Debugger-et-tester-une-saas-rh\\client\\src\\containers\\Login.js","statementMap":{"0":{"start":{"line":2,"column":31},"end":{"line":2,"column":33}},"1":{"start":{"line":13,"column":4},"end":{"line":13,"column":29}},"2":{"start":{"line":14,"column":4},"end":{"line":14,"column":37}},"3":{"start":{"line":15,"column":4},"end":{"line":15,"column":33}},"4":{"start":{"line":16,"column":4},"end":{"line":16,"column":47}},"5":{"start":{"line":17,"column":4},"end":{"line":17,"column":23}},"6":{"start":{"line":18,"column":25},"end":{"line":20,"column":5}},"7":{"start":{"line":21,"column":4},"end":{"line":21,"column":71}},"8":{"start":{"line":22,"column":22},"end":{"line":24,"column":5}},"9":{"start":{"line":25,"column":4},"end":{"line":25,"column":65}},"10":{"start":{"line":27,"column":25},"end":{"line":47,"column":3}},"11":{"start":{"line":28,"column":4},"end":{"line":28,"column":23}},"12":{"start":{"line":29,"column":17},"end":{"line":37,"column":5}},"13":{"start":{"line":38,"column":4},"end":{"line":38,"column":60}},"14":{"start":{"line":39,"column":4},"end":{"line":46,"column":9}},"15":{"start":{"line":40,"column":22},"end":{"line":40,"column":43}},"16":{"start":{"line":42,"column":8},"end":{"line":42,"column":46}},"17":{"start":{"line":43,"column":8},"end":{"line":43,"column":54}},"18":{"start":{"line":44,"column":8},"end":{"line":44,"column":51}},"19":{"start":{"line":45,"column":8},"end":{"line":45,"column":58}},"20":{"start":{"line":49,"column":22},"end":{"line":69,"column":3}},"21":{"start":{"line":50,"column":4},"end":{"line":50,"column":23}},"22":{"start":{"line":51,"column":17},"end":{"line":59,"column":5}},"23":{"start":{"line":60,"column":4},"end":{"line":60,"column":60}},"24":{"start":{"line":61,"column":4},"end":{"line":68,"column":9}},"25":{"start":{"line":62,"column":22},"end":{"line":62,"column":43}},"26":{"start":{"line":64,"column":8},"end":{"line":64,"column":50}},"27":{"start":{"line":65,"column":8},"end":{"line":65,"column":58}},"28":{"start":{"line":66,"column":8},"end":{"line":66,"column":51}},"29":{"start":{"line":67,"column":8},"end":{"line":67,"column":53}},"30":{"start":{"line":72,"column":10},"end":{"line":87,"column":3}},"31":{"start":{"line":73,"column":4},"end":{"line":86,"column":5}},"32":{"start":{"line":74,"column":6},"end":{"line":83,"column":11}},"33":{"start":{"line":82,"column":10},"end":{"line":82,"column":43}},"34":{"start":{"line":85,"column":6},"end":{"line":85,"column":18}},"35":{"start":{"line":90,"column":15},"end":{"line":109,"column":3}},"36":{"start":{"line":91,"column":4},"end":{"line":108,"column":5}},"37":{"start":{"line":92,"column":6},"end":{"line":105,"column":11}},"38":{"start":{"line":103,"column":10},"end":{"line":103,"column":60}},"39":{"start":{"line":104,"column":10},"end":{"line":104,"column":34}},"40":{"start":{"line":107,"column":6},"end":{"line":107,"column":18}}},"fnMap":{"0":{"name":"(anonymous_0)","decl":{"start":{"line":6,"column":2},"end":{"line":6,"column":3}},"loc":{"start":{"line":12,"column":5},"end":{"line":26,"column":3}},"line":12},"1":{"name":"(anonymous_1)","decl":{"start":{"line":27,"column":25},"end":{"line":27,"column":26}},"loc":{"start":{"line":27,"column":32},"end":{"line":47,"column":3}},"line":27},"2":{"name":"(anonymous_2)","decl":{"start":{"line":40,"column":13},"end":{"line":40,"column":14}},"loc":{"start":{"line":40,"column":22},"end":{"line":40,"column":43}},"line":40},"3":{"name":"(anonymous_3)","decl":{"start":{"line":41,"column":12},"end":{"line":41,"column":13}},"loc":{"start":{"line":41,"column":18},"end":{"line":46,"column":7}},"line":41},"4":{"name":"(anonymous_4)","decl":{"start":{"line":49,"column":22},"end":{"line":49,"column":23}},"loc":{"start":{"line":49,"column":29},"end":{"line":69,"column":3}},"line":49},"5":{"name":"(anonymous_5)","decl":{"start":{"line":62,"column":13},"end":{"line":62,"column":14}},"loc":{"start":{"line":62,"column":22},"end":{"line":62,"column":43}},"line":62},"6":{"name":"(anonymous_6)","decl":{"start":{"line":63,"column":12},"end":{"line":63,"column":13}},"loc":{"start":{"line":63,"column":18},"end":{"line":68,"column":7}},"line":63},"7":{"name":"(anonymous_7)","decl":{"start":{"line":72,"column":10},"end":{"line":72,"column":11}},"loc":{"start":{"line":72,"column":20},"end":{"line":87,"column":3}},"line":72},"8":{"name":"(anonymous_8)","decl":{"start":{"line":81,"column":14},"end":{"line":81,"column":15}},"loc":{"start":{"line":81,"column":27},"end":{"line":83,"column":9}},"line":81},"9":{"name":"(anonymous_9)","decl":{"start":{"line":90,"column":15},"end":{"line":90,"column":16}},"loc":{"start":{"line":90,"column":25},"end":{"line":109,"column":3}},"line":90},"10":{"name":"(anonymous_10)","decl":{"start":{"line":102,"column":14},"end":{"line":102,"column":15}},"loc":{"start":{"line":102,"column":20},"end":{"line":105,"column":9}},"line":102}},"branchMap":{"0":{"loc":{"start":{"line":73,"column":4},"end":{"line":86,"column":5}},"type":"if","locations":[{"start":{"line":73,"column":4},"end":{"line":86,"column":5}},{"start":{"line":73,"column":4},"end":{"line":86,"column":5}}],"line":73},"1":{"loc":{"start":{"line":91,"column":4},"end":{"line":108,"column":5}},"type":"if","locations":[{"start":{"line":91,"column":4},"end":{"line":108,"column":5}},{"start":{"line":91,"column":4},"end":{"line":108,"column":5}}],"line":91}},"s":{"0":4,"1":5,"2":5,"3":5,"4":5,"5":5,"6":5,"7":5,"8":5,"9":5,"10":5,"11":2,"12":2,"13":2,"14":2,"15":0,"16":2,"17":2,"18":2,"19":2,"20":5,"21":2,"22":2,"23":2,"24":2,"25":0,"26":2,"27":2,"28":2,"29":2,"30":5,"31":0,"32":0,"33":0,"34":0,"35":5,"36":0,"37":0,"38":0,"39":0,"40":0},"f":{"0":5,"1":2,"2":0,"3":2,"4":2,"5":0,"6":2,"7":0,"8":0,"9":0,"10":0},"b":{"0":[0,0],"1":[0,0]},"_coverageSchema":"1a1c01bbd47fc00a2c39e90264f33305004495a9","hash":"e6d66dce98cd5a8ab0d4f0b9890904779dddbf70"}
,"D:\\DevWeb\\open-classrooms\\OP-Project-9-Debugger-et-tester-une-saas-rh\\client\\src\\containers\\Logout.js": {"path":"D:\\DevWeb\\open-classrooms\\OP-Project-9-Debugger-et-tester-une-saas-rh\\client\\src\\containers\\Logout.js","statementMap":{"0":{"start":{"line":5,"column":4},"end":{"line":5,"column":28}},"1":{"start":{"line":6,"column":4},"end":{"line":6,"column":32}},"2":{"start":{"line":7,"column":4},"end":{"line":7,"column":36}},"3":{"start":{"line":8,"column":4},"end":{"line":8,"column":51}},"4":{"start":{"line":11,"column":16},"end":{"line":14,"column":3}},"5":{"start":{"line":12,"column":4},"end":{"line":12,"column":29}},"6":{"start":{"line":13,"column":4},"end":{"line":13,"column":41}}},"fnMap":{"0":{"name":"(anonymous_0)","decl":{"start":{"line":4,"column":2},"end":{"line":4,"column":3}},"loc":{"start":{"line":4,"column":54},"end":{"line":9,"column":3}},"line":4},"1":{"name":"(anonymous_1)","decl":{"start":{"line":11,"column":16},"end":{"line":11,"column":17}},"loc":{"start":{"line":11,"column":23},"end":{"line":14,"column":3}},"line":11}},"branchMap":{},"s":{"0":34,"1":34,"2":34,"3":34,"4":34,"5":2,"6":2},"f":{"0":34,"1":2},"b":{},"_coverageSchema":"1a1c01bbd47fc00a2c39e90264f33305004495a9","hash":"8d85de12972e3052c1c62d84a7582709a05700b3"}
,"D:\\DevWeb\\open-classrooms\\OP-Project-9-Debugger-et-tester-une-saas-rh\\client\\src\\containers\\NewBill.js": {"path":"D:\\DevWeb\\open-classrooms\\OP-Project-9-Debugger-et-tester-une-saas-rh\\client\\src\\containers\\NewBill.js","statementMap":{"0":{"start":{"line":6,"column":4},"end":{"line":6,"column":29}},"1":{"start":{"line":7,"column":4},"end":{"line":7,"column":33}},"2":{"start":{"line":8,"column":4},"end":{"line":8,"column":23}},"3":{"start":{"line":9,"column":24},"end":{"line":11,"column":5}},"4":{"start":{"line":12,"column":4},"end":{"line":12,"column":62}},"5":{"start":{"line":13,"column":17},"end":{"line":13,"column":73}},"6":{"start":{"line":14,"column":4},"end":{"line":14,"column":59}},"7":{"start":{"line":15,"column":4},"end":{"line":15,"column":24}},"8":{"start":{"line":16,"column":4},"end":{"line":16,"column":25}},"9":{"start":{"line":17,"column":4},"end":{"line":17,"column":23}},"10":{"start":{"line":18,"column":4},"end":{"line":18,"column":55}},"11":{"start":{"line":20,"column":21},"end":{"line":58,"column":3}},"12":{"start":{"line":21,"column":4},"end":{"line":21,"column":23}},"13":{"start":{"line":24,"column":24},"end":{"line":26,"column":5}},"14":{"start":{"line":27,"column":17},"end":{"line":27,"column":37}},"15":{"start":{"line":28,"column":20},"end":{"line":28,"column":40}},"16":{"start":{"line":30,"column":4},"end":{"line":57,"column":5}},"17":{"start":{"line":31,"column":6},"end":{"line":31,"column":29}},"18":{"start":{"line":32,"column":6},"end":{"line":32,"column":72}},"19":{"start":{"line":34,"column":6},"end":{"line":34,"column":73}},"20":{"start":{"line":35,"column":23},"end":{"line":35,"column":50}},"21":{"start":{"line":36,"column":23},"end":{"line":36,"column":52}},"22":{"start":{"line":37,"column":23},"end":{"line":37,"column":37}},"23":{"start":{"line":38,"column":20},"end":{"line":38,"column":66}},"24":{"start":{"line":39,"column":6},"end":{"line":39,"column":36}},"25":{"start":{"line":40,"column":6},"end":{"line":40,"column":38}},"26":{"start":{"line":42,"column":6},"end":{"line":56,"column":48}},"27":{"start":{"line":51,"column":10},"end":{"line":51,"column":31}},"28":{"start":{"line":52,"column":10},"end":{"line":52,"column":28}},"29":{"start":{"line":53,"column":10},"end":{"line":53,"column":33}},"30":{"start":{"line":54,"column":10},"end":{"line":54,"column":35}},"31":{"start":{"line":56,"column":26},"end":{"line":56,"column":46}},"32":{"start":{"line":59,"column":17},"end":{"line":82,"column":3}},"33":{"start":{"line":60,"column":4},"end":{"line":60,"column":23}},"34":{"start":{"line":61,"column":18},"end":{"line":61,"column":64}},"35":{"start":{"line":62,"column":17},"end":{"line":79,"column":5}},"36":{"start":{"line":80,"column":4},"end":{"line":80,"column":26}},"37":{"start":{"line":81,"column":4},"end":{"line":81,"column":42}},"38":{"start":{"line":85,"column":15},"end":{"line":95,"column":3}},"39":{"start":{"line":86,"column":4},"end":{"line":94,"column":5}},"40":{"start":{"line":87,"column":6},"end":{"line":93,"column":48}},"41":{"start":{"line":91,"column":10},"end":{"line":91,"column":48}},"42":{"start":{"line":93,"column":26},"end":{"line":93,"column":46}}},"fnMap":{"0":{"name":"(anonymous_0)","decl":{"start":{"line":5,"column":2},"end":{"line":5,"column":3}},"loc":{"start":{"line":5,"column":61},"end":{"line":19,"column":3}},"line":5},"1":{"name":"(anonymous_1)","decl":{"start":{"line":20,"column":21},"end":{"line":20,"column":22}},"loc":{"start":{"line":20,"column":28},"end":{"line":58,"column":3}},"line":20},"2":{"name":"(anonymous_2)","decl":{"start":{"line":50,"column":14},"end":{"line":50,"column":15}},"loc":{"start":{"line":50,"column":36},"end":{"line":55,"column":9}},"line":50},"3":{"name":"(anonymous_3)","decl":{"start":{"line":56,"column":15},"end":{"line":56,"column":16}},"loc":{"start":{"line":56,"column":26},"end":{"line":56,"column":46}},"line":56},"4":{"name":"(anonymous_4)","decl":{"start":{"line":59,"column":17},"end":{"line":59,"column":18}},"loc":{"start":{"line":59,"column":24},"end":{"line":82,"column":3}},"line":59},"5":{"name":"(anonymous_5)","decl":{"start":{"line":85,"column":15},"end":{"line":85,"column":16}},"loc":{"start":{"line":85,"column":25},"end":{"line":95,"column":3}},"line":85},"6":{"name":"(anonymous_6)","decl":{"start":{"line":90,"column":14},"end":{"line":90,"column":15}},"loc":{"start":{"line":90,"column":20},"end":{"line":92,"column":9}},"line":90},"7":{"name":"(anonymous_7)","decl":{"start":{"line":93,"column":15},"end":{"line":93,"column":16}},"loc":{"start":{"line":93,"column":26},"end":{"line":93,"column":46}},"line":93}},"branchMap":{"0":{"loc":{"start":{"line":30,"column":4},"end":{"line":57,"column":5}},"type":"if","locations":[{"start":{"line":30,"column":4},"end":{"line":57,"column":5}},{"start":{"line":30,"column":4},"end":{"line":57,"column":5}}],"line":30},"1":{"loc":{"start":{"line":30,"column":8},"end":{"line":30,"column":74}},"type":"binary-expr","locations":[{"start":{"line":30,"column":8},"end":{"line":30,"column":27}},{"start":{"line":30,"column":31},"end":{"line":30,"column":51}},{"start":{"line":30,"column":55},"end":{"line":30,"column":74}}],"line":30},"2":{"loc":{"start":{"line":72,"column":8},"end":{"line":73,"column":10}},"type":"binary-expr","locations":[{"start":{"line":72,"column":8},"end":{"line":72,"column":74}},{"start":{"line":73,"column":8},"end":{"line":73,"column":10}}],"line":72},"3":{"loc":{"start":{"line":86,"column":4},"end":{"line":94,"column":5}},"type":"if","locations":[{"start":{"line":86,"column":4},"end":{"line":94,"column":5}},{"start":{"line":86,"column":4},"end":{"line":94,"column":5}}],"line":86}},"s":{"0":7,"1":7,"2":7,"3":7,"4":7,"5":7,"6":7,"7":7,"8":7,"9":7,"10":7,"11":7,"12":1,"13":1,"14":1,"15":1,"16":1,"17":0,"18":0,"19":1,"20":1,"21":1,"22":1,"23":1,"24":1,"25":1,"26":1,"27":1,"28":1,"29":1,"30":1,"31":0,"32":7,"33":1,"34":1,"35":1,"36":1,"37":1,"38":7,"39":1,"40":1,"41":1,"42":0},"f":{"0":7,"1":1,"2":1,"3":0,"4":1,"5":1,"6":1,"7":0},"b":{"0":[0,1],"1":[1,0,0],"2":[1,1],"3":[1,0]},"_coverageSchema":"1a1c01bbd47fc00a2c39e90264f33305004495a9","hash":"6720ba86c60c28e37c84b3f94fff07fd1f43b1a0"}
,"D:\\DevWeb\\open-classrooms\\OP-Project-9-Debugger-et-tester-une-saas-rh\\client\\src\\views\\Actions.js": {"path":"D:\\DevWeb\\open-classrooms\\OP-Project-9-Debugger-et-tester-une-saas-rh\\client\\src\\views\\Actions.js","statementMap":{"0":{"start":{"line":5,"column":2},"end":{"line":11,"column":3}}},"fnMap":{"0":{"name":"(anonymous_0)","decl":{"start":{"line":4,"column":15},"end":{"line":4,"column":16}},"loc":{"start":{"line":4,"column":28},"end":{"line":12,"column":1}},"line":4}},"branchMap":{},"s":{"0":14},"f":{"0":14},"b":{},"_coverageSchema":"1a1c01bbd47fc00a2c39e90264f33305004495a9","hash":"67a45572f13bf10f7e52462c76cb3235dc0f7729"}
,"D:\\DevWeb\\open-classrooms\\OP-Project-9-Debugger-et-tester-une-saas-rh\\client\\src\\views\\BillsUI.js": {"path":"D:\\DevWeb\\open-classrooms\\OP-Project-9-Debugger-et-tester-une-saas-rh\\client\\src\\views\\BillsUI.js","statementMap":{"0":{"start":{"line":7,"column":12},"end":{"line":20,"column":1}},"1":{"start":{"line":8,"column":2},"end":{"line":19,"column":6}},"2":{"start":{"line":22,"column":13},"end":{"line":31,"column":1}},"3":{"start":{"line":24,"column":21},"end":{"line":24,"column":57}},"4":{"start":{"line":24,"column":32},"end":{"line":24,"column":56}},"5":{"start":{"line":25,"column":2},"end":{"line":30,"column":9}},"6":{"start":{"line":28,"column":23},"end":{"line":28,"column":32}},"7":{"start":{"line":34,"column":16},"end":{"line":49,"column":3}},"8":{"start":{"line":34,"column":22},"end":{"line":49,"column":3}},"9":{"start":{"line":51,"column":2},"end":{"line":55,"column":3}},"10":{"start":{"line":52,"column":4},"end":{"line":52,"column":25}},"11":{"start":{"line":53,"column":9},"end":{"line":55,"column":3}},"12":{"start":{"line":54,"column":4},"end":{"line":54,"column":28}},"13":{"start":{"line":57,"column":2},"end":{"line":84,"column":12}}},"fnMap":{"0":{"name":"(anonymous_0)","decl":{"start":{"line":7,"column":12},"end":{"line":7,"column":13}},"loc":{"start":{"line":7,"column":22},"end":{"line":20,"column":1}},"line":7},"1":{"name":"(anonymous_1)","decl":{"start":{"line":22,"column":13},"end":{"line":22,"column":14}},"loc":{"start":{"line":22,"column":23},"end":{"line":31,"column":1}},"line":22},"2":{"name":"(anonymous_2)","decl":{"start":{"line":24,"column":21},"end":{"line":24,"column":22}},"loc":{"start":{"line":24,"column":32},"end":{"line":24,"column":56}},"line":24},"3":{"name":"(anonymous_3)","decl":{"start":{"line":28,"column":13},"end":{"line":28,"column":14}},"loc":{"start":{"line":28,"column":23},"end":{"line":28,"column":32}},"line":28},"4":{"name":"(anonymous_4)","decl":{"start":{"line":33,"column":15},"end":{"line":33,"column":16}},"loc":{"start":{"line":33,"column":52},"end":{"line":85,"column":1}},"line":33},"5":{"name":"(anonymous_5)","decl":{"start":{"line":34,"column":16},"end":{"line":34,"column":17}},"loc":{"start":{"line":34,"column":22},"end":{"line":49,"column":3}},"line":34}},"branchMap":{"0":{"loc":{"start":{"line":24,"column":32},"end":{"line":24,"column":56}},"type":"cond-expr","locations":[{"start":{"line":24,"column":50},"end":{"line":24,"column":51}},{"start":{"line":24,"column":54},"end":{"line":24,"column":56}}],"line":24},"1":{"loc":{"start":{"line":25,"column":9},"end":{"line":30,"column":8}},"type":"cond-expr","locations":[{"start":{"line":26,"column":6},"end":{"line":29,"column":17}},{"start":{"line":30,"column":6},"end":{"line":30,"column":8}}],"line":25},"2":{"loc":{"start":{"line":25,"column":9},"end":{"line":25,"column":28}},"type":"binary-expr","locations":[{"start":{"line":25,"column":9},"end":{"line":25,"column":13}},{"start":{"line":25,"column":17},"end":{"line":25,"column":28}}],"line":25},"3":{"loc":{"start":{"line":51,"column":2},"end":{"line":55,"column":3}},"type":"if","locations":[{"start":{"line":51,"column":2},"end":{"line":55,"column":3}},{"start":{"line":51,"column":2},"end":{"line":55,"column":3}}],"line":51},"4":{"loc":{"start":{"line":53,"column":9},"end":{"line":55,"column":3}},"type":"if","locations":[{"start":{"line":53,"column":9},"end":{"line":55,"column":3}},{"start":{"line":53,"column":9},"end":{"line":55,"column":3}}],"line":53}},"s":{"0":6,"1":12,"2":6,"3":6,"4":18,"5":6,"6":12,"7":21,"8":6,"9":21,"10":8,"11":13,"12":7,"13":6},"f":{"0":12,"1":6,"2":18,"3":12,"4":21,"5":6},"b":{"0":[9,9],"1":[3,3],"2":[6,4],"3":[8,13],"4":[7,6]},"_coverageSchema":"1a1c01bbd47fc00a2c39e90264f33305004495a9","hash":"15f0c6bb2937376355dddf9c7d7d35a495d6c029"}
,"D:\\DevWeb\\open-classrooms\\OP-Project-9-Debugger-et-tester-une-saas-rh\\client\\src\\views\\DashboardFormUI.js": {"path":"D:\\DevWeb\\open-classrooms\\OP-Project-9-Debugger-et-tester-une-saas-rh\\client\\src\\views\\DashboardFormUI.js","statementMap":{"0":{"start":{"line":7,"column":21},"end":{"line":22,"column":4}},"1":{"start":{"line":7,"column":28},"end":{"line":22,"column":3}},"2":{"start":{"line":26,"column":2},"end":{"line":102,"column":4}}},"fnMap":{"0":{"name":"(anonymous_0)","decl":{"start":{"line":7,"column":21},"end":{"line":7,"column":22}},"loc":{"start":{"line":7,"column":28},"end":{"line":22,"column":3}},"line":7},"1":{"name":"(anonymous_1)","decl":{"start":{"line":24,"column":15},"end":{"line":24,"column":16}},"loc":{"start":{"line":24,"column":25},"end":{"line":103,"column":1}},"line":24}},"branchMap":{"0":{"loc":{"start":{"line":71,"column":41},"end":{"line":74,"column":21}},"type":"cond-expr","locations":[{"start":{"line":71,"column":67},"end":{"line":71,"column":101}},{"start":{"line":71,"column":104},"end":{"line":74,"column":21}}],"line":71},"1":{"loc":{"start":{"line":80,"column":9},"end":{"line":90,"column":9}},"type":"cond-expr","locations":[{"start":{"line":80,"column":38},"end":{"line":85,"column":8}},{"start":{"line":85,"column":13},"end":{"line":90,"column":8}}],"line":80},"2":{"loc":{"start":{"line":93,"column":8},"end":{"line":98,"column":13}},"type":"cond-expr","locations":[{"start":{"line":93,"column":37},"end":{"line":98,"column":7}},{"start":{"line":98,"column":11},"end":{"line":98,"column":13}}],"line":93}},"s":{"0":7,"1":9,"2":9},"f":{"0":9,"1":9},"b":{"0":[0,9],"1":[6,3],"2":[6,3]},"_coverageSchema":"1a1c01bbd47fc00a2c39e90264f33305004495a9","hash":"e651740c54a9a9a190f9918fba3c9ebd96d38ae6"}
,"D:\\DevWeb\\open-classrooms\\OP-Project-9-Debugger-et-tester-une-saas-rh\\client\\src\\views\\DashboardUI.js": {"path":"D:\\DevWeb\\open-classrooms\\OP-Project-9-Debugger-et-tester-une-saas-rh\\client\\src\\views\\DashboardUI.js","statementMap":{"0":{"start":{"line":10,"column":2},"end":{"line":14,"column":3}},"1":{"start":{"line":11,"column":4},"end":{"line":11,"column":24}},"2":{"start":{"line":12,"column":9},"end":{"line":14,"column":3}},"3":{"start":{"line":13,"column":4},"end":{"line":13,"column":27}},"4":{"start":{"line":16,"column":2},"end":{"line":48,"column":3}}},"fnMap":{"0":{"name":"(anonymous_0)","decl":{"start":{"line":8,"column":15},"end":{"line":8,"column":16}},"loc":{"start":{"line":8,"column":45},"end":{"line":49,"column":1}},"line":8}},"branchMap":{"0":{"loc":{"start":{"line":10,"column":2},"end":{"line":14,"column":3}},"type":"if","locations":[{"start":{"line":10,"column":2},"end":{"line":14,"column":3}},{"start":{"line":10,"column":2},"end":{"line":14,"column":3}}],"line":10},"1":{"loc":{"start":{"line":12,"column":9},"end":{"line":14,"column":3}},"type":"if","locations":[{"start":{"line":12,"column":9},"end":{"line":14,"column":3}},{"start":{"line":12,"column":9},"end":{"line":14,"column":3}}],"line":12},"2":{"loc":{"start":{"line":22,"column":45},"end":{"line":22,"column":63}},"type":"binary-expr","locations":[{"start":{"line":22,"column":45},"end":{"line":22,"column":49}},{"start":{"line":22,"column":53},"end":{"line":22,"column":63}}],"line":22},"3":{"loc":{"start":{"line":29,"column":43},"end":{"line":29,"column":61}},"type":"binary-expr","locations":[{"start":{"line":29,"column":43},"end":{"line":29,"column":47}},{"start":{"line":29,"column":51},"end":{"line":29,"column":61}}],"line":29},"4":{"loc":{"start":{"line":36,"column":43},"end":{"line":36,"column":61}},"type":"binary-expr","locations":[{"start":{"line":36,"column":43},"end":{"line":36,"column":47}},{"start":{"line":36,"column":51},"end":{"line":36,"column":61}}],"line":36}},"s":{"0":21,"1":6,"2":15,"3":3,"4":12},"f":{"0":21},"b":{"0":[6,15],"1":[3,12],"2":[12,7],"3":[12,7],"4":[12,7]},"_coverageSchema":"1a1c01bbd47fc00a2c39e90264f33305004495a9","hash":"7f0e1a48e55e3dcffd82440c3a92585b4864269b"}
,"D:\\DevWeb\\open-classrooms\\OP-Project-9-Debugger-et-tester-une-saas-rh\\client\\src\\views\\ErrorPage.js": {"path":"D:\\DevWeb\\open-classrooms\\OP-Project-9-Debugger-et-tester-une-saas-rh\\client\\src\\views\\ErrorPage.js","statementMap":{"0":{"start":{"line":4,"column":2},"end":{"line":12,"column":12}}},"fnMap":{"0":{"name":"(anonymous_0)","decl":{"start":{"line":3,"column":15},"end":{"line":3,"column":16}},"loc":{"start":{"line":3,"column":26},"end":{"line":13,"column":1}},"line":3}},"branchMap":{"0":{"loc":{"start":{"line":11,"column":43},"end":{"line":11,"column":61}},"type":"cond-expr","locations":[{"start":{"line":11,"column":51},"end":{"line":11,"column":56}},{"start":{"line":11,"column":59},"end":{"line":11,"column":61}}],"line":11}},"s":{"0":12},"f":{"0":12},"b":{"0":[11,1]},"_coverageSchema":"1a1c01bbd47fc00a2c39e90264f33305004495a9","hash":"5d9cf9697694b5e9131615f7cb95e93474251dbb"}
,"D:\\DevWeb\\open-classrooms\\OP-Project-9-Debugger-et-tester-une-saas-rh\\client\\src\\views\\LoadingPage.js": {"path":"D:\\DevWeb\\open-classrooms\\OP-Project-9-Debugger-et-tester-une-saas-rh\\client\\src\\views\\LoadingPage.js","statementMap":{"0":{"start":{"line":5,"column":2},"end":{"line":12,"column":3}}},"fnMap":{"0":{"name":"(anonymous_0)","decl":{"start":{"line":3,"column":15},"end":{"line":3,"column":16}},"loc":{"start":{"line":3,"column":21},"end":{"line":13,"column":1}},"line":3}},"branchMap":{},"s":{"0":15},"f":{"0":15},"b":{},"_coverageSchema":"1a1c01bbd47fc00a2c39e90264f33305004495a9","hash":"2701e5b748ec4253fea4e83495e43e7de518cef3"}
,"D:\\DevWeb\\open-classrooms\\OP-Project-9-Debugger-et-tester-une-saas-rh\\client\\src\\views\\LoginUI.js": {"path":"D:\\DevWeb\\open-classrooms\\OP-Project-9-Debugger-et-tester-une-saas-rh\\client\\src\\views\\LoginUI.js","statementMap":{"0":{"start":{"line":4,"column":2},"end":{"line":46,"column":4}}},"fnMap":{"0":{"name":"(anonymous_0)","decl":{"start":{"line":2,"column":15},"end":{"line":2,"column":16}},"loc":{"start":{"line":2,"column":21},"end":{"line":47,"column":1}},"line":2}},"branchMap":{},"s":{"0":19},"f":{"0":19},"b":{},"_coverageSchema":"1a1c01bbd47fc00a2c39e90264f33305004495a9","hash":"5f3e0e3a25e1fbf4e5bd069b3becf13f92d21aec"}
,"D:\\DevWeb\\open-classrooms\\OP-Project-9-Debugger-et-tester-une-saas-rh\\client\\src\\views\\NewBillUI.js": {"path":"D:\\DevWeb\\open-classrooms\\OP-Project-9-Debugger-et-tester-une-saas-rh\\client\\src\\views\\NewBillUI.js","statementMap":{"0":{"start":{"line":4,"column":2},"end":{"line":72,"column":4}}},"fnMap":{"0":{"name":"(anonymous_0)","decl":{"start":{"line":3,"column":15},"end":{"line":3,"column":16}},"loc":{"start":{"line":3,"column":21},"end":{"line":73,"column":1}},"line":3}},"branchMap":{},"s":{"0":8},"f":{"0":8},"b":{},"_coverageSchema":"1a1c01bbd47fc00a2c39e90264f33305004495a9","hash":"2d3ad7658121909c482c8380be5b4fd99bb7bfed"}
,"D:\\DevWeb\\open-classrooms\\OP-Project-9-Debugger-et-tester-une-saas-rh\\client\\src\\views\\VerticalLayout.js": {"path":"D:\\DevWeb\\open-classrooms\\OP-Project-9-Debugger-et-tester-une-saas-rh\\client\\src\\views\\VerticalLayout.js","statementMap":{"0":{"start":{"line":7,"column":4},"end":{"line":7,"column":51}},"1":{"start":{"line":8,"column":4},"end":{"line":10,"column":5}},"2":{"start":{"line":9,"column":6},"end":{"line":9,"column":29}},"3":{"start":{"line":11,"column":4},"end":{"line":39,"column":5}},"4":{"start":{"line":12,"column":6},"end":{"line":27,"column":7}},"5":{"start":{"line":29,"column":6},"end":{"line":38,"column":7}}},"fnMap":{"0":{"name":"(anonymous_0)","decl":{"start":{"line":5,"column":15},"end":{"line":5,"column":16}},"loc":{"start":{"line":5,"column":27},"end":{"line":40,"column":1}},"line":5}},"branchMap":{"0":{"loc":{"start":{"line":8,"column":4},"end":{"line":10,"column":5}},"type":"if","locations":[{"start":{"line":8,"column":4},"end":{"line":10,"column":5}},{"start":{"line":8,"column":4},"end":{"line":10,"column":5}}],"line":8},"1":{"loc":{"start":{"line":11,"column":4},"end":{"line":39,"column":5}},"type":"if","locations":[{"start":{"line":11,"column":4},"end":{"line":39,"column":5}},{"start":{"line":11,"column":4},"end":{"line":39,"column":5}}],"line":11},"2":{"loc":{"start":{"line":11,"column":8},"end":{"line":11,"column":40}},"type":"binary-expr","locations":[{"start":{"line":11,"column":8},"end":{"line":11,"column":12}},{"start":{"line":11,"column":16},"end":{"line":11,"column":40}}],"line":11}},"s":{"0":54,"1":54,"2":41,"3":54,"4":25,"5":29},"f":{"0":54},"b":{"0":[41,13],"1":[25,29],"2":[54,41]},"_coverageSchema":"1a1c01bbd47fc00a2c39e90264f33305004495a9","hash":"375bb9eb8987ab83e391de6cf4f7801d5792b705"}
}
