TN:
SF:src\constants\routes.js
FN:13,(anonymous_0)
FNF:1
FNH:1
FNDA:40,(anonymous_0)
DA:6,6
DA:13,6
DA:14,40
DA:16,9
DA:18,12
DA:20,6
DA:22,12
DA:24,1
LF:8
LH:8
BRDA:14,0,0,9
BRDA:14,0,1,12
BRDA:14,0,2,6
BRDA:14,0,3,12
BRDA:14,0,4,1
BRF:5
BRH:5
end_of_record
TN:
SF:src\constants\usersTest.js
FNF:0
FNH:0
LF:0
LH:0
BRF:0
BRH:0
end_of_record
TN:
SF:src\containers\Bills.js
FN:6,(anonymous_0)
FN:17,(anonymous_1)
FN:18,(anonymous_2)
FN:23,(anonymous_3)
FN:27,(anonymous_4)
FN:39,(anonymous_5)
FN:44,(anonymous_6)
FN:45,(anonymous_7)
FNF:8
FNH:8
FNDA:6,(anonymous_0)
FNDA:20,(anonymous_1)
FNDA:2,(anonymous_2)
FNDA:4,(anonymous_3)
FNDA:2,(anonymous_4)
FNDA:6,(anonymous_5)
FNDA:1,(anonymous_6)
FNDA:4,(anonymous_7)
DA:7,6
DA:8,6
DA:9,6
DA:10,6
DA:13,6
DA:14,5
DA:15,6
DA:16,6
DA:17,6
DA:18,20
DA:20,6
DA:23,6
DA:24,4
DA:27,6
DA:28,2
DA:29,2
DA:31,2
DA:36,2
DA:39,6
DA:40,6
DA:41,6
DA:45,1
DA:46,4
DA:47,4
DA:55,0
DA:56,0
DA:63,1
DA:64,1
LF:28
LH:26
BRDA:13,0,0,5
BRDA:13,0,1,1
BRDA:16,1,0,6
BRDA:16,1,1,0
BRDA:40,2,0,6
BRDA:40,2,1,0
BRF:6
BRH:4
end_of_record
TN:
SF:src\containers\Dashboard.js
FN:8,(anonymous_0)
FN:10,(anonymous_1)
FN:30,(anonymous_2)
FN:55,(anonymous_3)
FN:56,(anonymous_4)
FN:59,(anonymous_5)
FN:71,(anonymous_6)
FN:75,(anonymous_7)
FN:76,(anonymous_8)
FN:77,(anonymous_9)
FN:81,(anonymous_10)
FN:88,(anonymous_11)
FN:92,(anonymous_12)
FN:109,(anonymous_13)
FN:110,(anonymous_14)
FN:113,(anonymous_15)
FN:123,(anonymous_16)
FN:133,(anonymous_17)
FN:148,(anonymous_18)
FN:152,(anonymous_19)
FN:160,(anonymous_20)
FN:165,(anonymous_21)
FN:167,(anonymous_22)
FN:175,(anonymous_23)
FNF:24
FNH:19
FNDA:44,(anonymous_0)
FNDA:104,(anonymous_1)
FNDA:6,(anonymous_2)
FNDA:6,(anonymous_3)
FNDA:6,(anonymous_4)
FNDA:5,(anonymous_5)
FNDA:14,(anonymous_6)
FNDA:0,(anonymous_7)
FNDA:0,(anonymous_8)
FNDA:0,(anonymous_9)
FNDA:1,(anonymous_10)
FNDA:3,(anonymous_11)
FNDA:8,(anonymous_12)
FNDA:0,(anonymous_13)
FNDA:0,(anonymous_14)
FNDA:1,(anonymous_15)
FNDA:1,(anonymous_16)
FNDA:5,(anonymous_17)
FNDA:20,(anonymous_18)
FNDA:3,(anonymous_19)
FNDA:5,(anonymous_20)
FNDA:3,(anonymous_21)
FNDA:12,(anonymous_22)
FNDA:2,(anonymous_23)
DA:8,6
DA:9,44
DA:14,104
DA:15,104
DA:26,104
DA:30,6
DA:31,6
DA:32,6
DA:34,6
DA:37,6
DA:55,6
DA:56,6
DA:59,6
DA:60,5
DA:62,3
DA:64,1
DA:66,1
DA:72,14
DA:73,14
DA:74,14
DA:75,14
DA:76,14
DA:77,14
DA:78,14
DA:81,14
DA:82,1
DA:83,1
DA:84,1
DA:85,1
DA:89,3
DA:90,3
DA:91,3
DA:92,2
DA:93,8
DA:95,2
DA:96,2
DA:97,2
DA:98,2
DA:100,1
DA:102,1
DA:105,1
DA:106,1
DA:108,3
DA:109,3
DA:110,3
DA:113,14
DA:114,1
DA:119,1
DA:120,1
DA:123,14
DA:124,1
DA:129,1
DA:130,1
DA:134,5
DA:135,5
DA:136,5
DA:137,5
DA:138,5
DA:140,5
DA:142,0
DA:143,0
DA:145,0
DA:148,5
DA:150,20
DA:152,6
DA:156,5
DA:160,14
DA:161,5
DA:162,5
DA:166,3
DA:167,12
DA:173,3
DA:176,2
LF:73
LH:70
BRDA:9,0,0,26
BRDA:9,0,1,18
BRDA:9,1,0,44
BRDA:9,1,1,26
BRDA:14,2,0,104
BRDA:14,2,1,0
BRDA:32,3,0,0
BRDA:32,3,1,6
BRDA:34,4,0,0
BRDA:34,4,1,6
BRDA:56,5,0,5
BRDA:56,5,1,1
BRDA:56,6,0,6
BRDA:56,6,1,6
BRDA:60,7,0,3
BRDA:60,7,1,1
BRDA:60,7,2,1
BRDA:85,8,0,0
BRDA:85,8,1,1
BRDA:89,9,0,2
BRDA:89,9,1,1
BRDA:89,10,0,3
BRDA:89,10,1,3
BRDA:90,11,0,2
BRDA:90,11,1,1
BRDA:90,12,0,3
BRDA:90,12,1,1
BRDA:91,13,0,2
BRDA:91,13,1,1
BRDA:134,14,0,5
BRDA:134,14,1,0
BRDA:134,15,0,5
BRDA:134,15,1,2
BRDA:135,16,0,5
BRDA:135,16,1,0
BRDA:135,17,0,5
BRDA:135,17,1,2
BRDA:136,18,0,5
BRDA:136,18,1,0
BRDA:150,19,0,6
BRDA:150,19,1,14
BRDA:150,20,0,20
BRDA:150,20,1,12
BRDA:150,20,2,17
BRDA:150,20,3,4
BRDA:150,20,4,16
BRDA:150,20,5,4
BRDA:161,21,0,5
BRDA:161,21,1,0
BRF:49
BRH:41
end_of_record
TN:
SF:src\containers\Login.js
FN:6,(anonymous_0)
FN:27,(anonymous_1)
FN:40,(anonymous_2)
FN:41,(anonymous_3)
FN:49,(anonymous_4)
FN:62,(anonymous_5)
FN:63,(anonymous_6)
FN:72,(anonymous_7)
FN:81,(anonymous_8)
FN:90,(anonymous_9)
FN:102,(anonymous_10)
FNF:11
FNH:5
FNDA:4,(anonymous_0)
FNDA:2,(anonymous_1)
FNDA:0,(anonymous_2)
FNDA:2,(anonymous_3)
FNDA:2,(anonymous_4)
FNDA:0,(anonymous_5)
FNDA:2,(anonymous_6)
FNDA:0,(anonymous_7)
FNDA:0,(anonymous_8)
FNDA:0,(anonymous_9)
FNDA:0,(anonymous_10)
DA:2,3
DA:13,4
DA:14,4
DA:15,4
DA:16,4
DA:17,4
DA:18,4
DA:21,4
DA:22,4
DA:25,4
DA:27,4
DA:28,2
DA:29,2
DA:38,2
DA:39,2
DA:40,0
DA:42,2
DA:43,2
DA:44,2
DA:45,2
DA:49,4
DA:50,2
DA:51,2
DA:60,2
DA:61,2
DA:62,0
DA:64,2
DA:65,2
DA:66,2
DA:67,2
DA:72,4
DA:73,0
DA:74,0
DA:82,0
DA:85,0
DA:90,4
DA:91,0
DA:92,0
DA:103,0
DA:104,0
DA:107,0
LF:41
LH:30
BRDA:73,0,0,0
BRDA:73,0,1,0
BRDA:91,1,0,0
BRDA:91,1,1,0
BRF:4
BRH:0
end_of_record
TN:
SF:src\containers\Logout.js
FN:4,(anonymous_0)
FN:11,(anonymous_1)
FNF:2
FNH:2
FNDA:26,(anonymous_0)
FNDA:2,(anonymous_1)
DA:5,26
DA:6,26
DA:7,26
DA:8,26
DA:11,26
DA:12,2
DA:13,2
LF:7
LH:7
BRF:0
BRH:0
end_of_record
TN:
SF:src\containers\NewBill.js
FN:5,(anonymous_0)
FN:20,(anonymous_1)
FN:50,(anonymous_2)
FN:56,(anonymous_3)
FN:59,(anonymous_4)
FN:89,(anonymous_5)
FN:94,(anonymous_6)
FN:97,(anonymous_7)
FNF:8
FNH:3
FNDA:5,(anonymous_0)
FNDA:1,(anonymous_1)
FNDA:1,(anonymous_2)
FNDA:0,(anonymous_3)
FNDA:0,(anonymous_4)
FNDA:0,(anonymous_5)
FNDA:0,(anonymous_6)
FNDA:0,(anonymous_7)
DA:6,5
DA:7,5
DA:8,5
DA:9,5
DA:12,5
DA:13,5
DA:14,5
DA:15,5
DA:16,5
DA:17,5
DA:18,5
DA:20,5
DA:21,1
DA:24,1
DA:27,1
DA:28,1
DA:30,1
DA:31,0
DA:32,0
DA:34,1
DA:35,1
DA:36,1
DA:37,1
DA:38,1
DA:39,1
DA:40,1
DA:42,1
DA:51,1
DA:52,1
DA:53,1
DA:54,1
DA:56,0
DA:59,5
DA:60,0
DA:61,0
DA:65,0
DA:66,0
DA:84,0
DA:85,0
DA:89,5
DA:90,0
DA:91,0
DA:95,0
DA:97,0
LF:44
LH:31
BRDA:30,0,0,0
BRDA:30,0,1,1
BRDA:30,1,0,1
BRDA:30,1,1,0
BRDA:30,1,2,0
BRDA:76,2,0,0
BRDA:76,2,1,0
BRDA:90,3,0,0
BRDA:90,3,1,0
BRF:9
BRH:2
end_of_record
TN:
SF:src\views\Actions.js
FN:4,(anonymous_0)
FNF:1
FNH:1
FNDA:6,(anonymous_0)
DA:5,6
LF:1
LH:1
BRF:0
BRH:0
end_of_record
TN:
SF:src\views\BillsUI.js
FN:7,(anonymous_0)
FN:22,(anonymous_1)
FN:24,(anonymous_2)
FN:28,(anonymous_3)
FN:33,(anonymous_4)
FN:34,(anonymous_5)
FNF:6
FNH:6
FNDA:4,(anonymous_0)
FNDA:4,(anonymous_1)
FNDA:6,(anonymous_2)
FNDA:4,(anonymous_3)
FNDA:13,(anonymous_4)
FNDA:4,(anonymous_5)
DA:7,6
DA:8,4
DA:22,6
DA:24,6
DA:25,4
DA:28,4
DA:34,13
DA:51,13
DA:52,5
DA:53,8
DA:54,4
DA:57,4
LF:12
LH:12
BRDA:24,0,0,3
BRDA:24,0,1,3
BRDA:25,1,0,1
BRDA:25,1,1,3
BRDA:25,2,0,4
BRDA:25,2,1,2
BRDA:51,3,0,5
BRDA:51,3,1,8
BRDA:53,4,0,4
BRDA:53,4,1,4
BRF:10
BRH:10
end_of_record
TN:
SF:src\views\DashboardFormUI.js
FN:7,(anonymous_0)
FN:24,(anonymous_1)
FNF:2
FNH:2
FNDA:9,(anonymous_0)
FNDA:9,(anonymous_1)
DA:7,9
DA:26,9
LF:2
LH:2
BRDA:71,0,0,0
BRDA:71,0,1,9
BRDA:80,1,0,6
BRDA:80,1,1,3
BRDA:93,2,0,6
BRDA:93,2,1,3
BRF:6
BRH:5
end_of_record
TN:
SF:src\views\DashboardUI.js
FN:8,(anonymous_0)
FNF:1
FNH:1
FNDA:21,(anonymous_0)
DA:10,21
DA:11,6
DA:12,15
DA:13,3
DA:16,12
LF:5
LH:5
BRDA:10,0,0,6
BRDA:10,0,1,15
BRDA:12,1,0,3
BRDA:12,1,1,12
BRDA:22,2,0,12
BRDA:22,2,1,7
BRDA:29,3,0,12
BRDA:29,3,1,7
BRDA:36,4,0,12
BRDA:36,4,1,7
BRF:10
BRH:10
end_of_record
TN:
SF:src\views\ErrorPage.js
FN:3,(anonymous_0)
FNF:1
FNH:1
FNDA:9,(anonymous_0)
DA:4,9
LF:1
LH:1
BRDA:12,0,0,8
BRDA:12,0,1,1
BRF:2
BRH:2
end_of_record
TN:
SF:src\views\LoadingPage.js
FN:3,(anonymous_0)
FNF:1
FNH:1
FNDA:12,(anonymous_0)
DA:5,12
LF:1
LH:1
BRF:0
BRH:0
end_of_record
TN:
SF:src\views\LoginUI.js
FN:2,(anonymous_0)
FNF:1
FNH:1
FNDA:16,(anonymous_0)
DA:4,16
LF:1
LH:1
BRF:0
BRH:0
end_of_record
TN:
SF:src\views\NewBillUI.js
FN:3,(anonymous_0)
FNF:1
FNH:1
FNDA:7,(anonymous_0)
DA:4,7
LF:1
LH:1
BRF:0
BRH:0
end_of_record
TN:
SF:src\views\VerticalLayout.js
FN:5,(anonymous_0)
FNF:1
FNH:1
FNDA:45,(anonymous_0)
DA:7,45
DA:8,45
DA:9,32
DA:11,45
DA:12,16
DA:29,29
LF:6
LH:6
BRDA:8,0,0,32
BRDA:8,0,1,13
BRDA:11,1,0,16
BRDA:11,1,1,29
BRDA:11,2,0,45
BRDA:11,2,1,32
BRF:6
BRH:6
end_of_record
